[2026-01-15 00:42:14] [info] Database migration completed successfully
[2026-01-15 02:02:34] [error] PHP Error: file_put_contents(/var/www/html/storage/rate_limit.json): Failed to open stream: Permission denied in /var/www/html/app/Config/RateLimiter.php:85 {"level":2,"file":"\/var\/www\/html\/app\/Config\/RateLimiter.php","line":85}
[2026-01-15 02:02:34] [error] PHP Error: file_put_contents(/var/www/html/storage/rate_limit.json): Failed to open stream: Permission denied in /var/www/html/app/Config/RateLimiter.php:85 {"level":2,"file":"\/var\/www\/html\/app\/Config\/RateLimiter.php","line":85}
[2026-01-15 02:02:44] [error] PHP Error: file_put_contents(/var/www/html/storage/rate_limit.json): Failed to open stream: Permission denied in /var/www/html/app/Config/RateLimiter.php:85 {"level":2,"file":"\/var\/www\/html\/app\/Config\/RateLimiter.php","line":85}
[2026-01-15 02:02:44] [error] PHP Error: file_put_contents(/var/www/html/storage/rate_limit.json): Failed to open stream: Permission denied in /var/www/html/app/Config/RateLimiter.php:85 {"level":2,"file":"\/var\/www\/html\/app\/Config\/RateLimiter.php","line":85}
[2026-01-15 02:02:52] [error] PHP Error: file_put_contents(/var/www/html/storage/rate_limit.json): Failed to open stream: Permission denied in /var/www/html/app/Config/RateLimiter.php:85 {"level":2,"file":"\/var\/www\/html\/app\/Config\/RateLimiter.php","line":85}
[2026-01-15 02:02:52] [error] PHP Error: file_put_contents(/var/www/html/storage/rate_limit.json): Failed to open stream: Permission denied in /var/www/html/app/Config/RateLimiter.php:85 {"level":2,"file":"\/var\/www\/html\/app\/Config\/RateLimiter.php","line":85}
[2026-01-15 02:03:12] [error] PHP Error: file_put_contents(/var/www/html/storage/rate_limit.json): Failed to open stream: Permission denied in /var/www/html/app/Config/RateLimiter.php:85 {"level":2,"file":"\/var\/www\/html\/app\/Config\/RateLimiter.php","line":85}
[2026-01-15 02:03:47] [error] Uncaught Exception: syntax error, unexpected token "`" {"exception":"ParseError","file":"\/var\/www\/html\/app\/Services\/ElectricityApiClient.php","line":82,"trace":"#0 \/var\/www\/html\/vendor\/composer\/ClassLoader.php(427): Composer\\Autoload\\{closure}('\/var\/www\/html\/v...')\n#1 \/var\/www\/html\/app\/Services\/PriceImporter.php(16): Composer\\Autoload\\ClassLoader->loadClass('App\\\\Services\\\\El...')\n#2 \/var\/www\/html\/scripts\/process-day.php(22): App\\Services\\PriceImporter->__construct()\n#3 {main}"}
[2026-01-15 02:03:55] [error] PHP Error: file_put_contents(/var/www/html/storage/rate_limit.json): Failed to open stream: Permission denied in /var/www/html/app/Config/RateLimiter.php:85 {"level":2,"file":"\/var\/www\/html\/app\/Config\/RateLimiter.php","line":85}
[2026-01-15 02:03:56] [error] PHP Error: file_put_contents(/var/www/html/storage/rate_limit.json): Failed to open stream: Permission denied in /var/www/html/app/Config/RateLimiter.php:85 {"level":2,"file":"\/var\/www\/html\/app\/Config\/RateLimiter.php","line":85}
[2026-01-15 02:05:18] [error] Uncaught Exception: syntax error, unexpected token "`" {"exception":"ParseError","file":"\/var\/www\/html\/app\/Services\/ElectricityApiClient.php","line":82,"trace":"#0 \/var\/www\/html\/vendor\/composer\/ClassLoader.php(427): Composer\\Autoload\\{closure}('\/var\/www\/html\/v...')\n#1 \/var\/www\/html\/app\/Services\/PriceImporter.php(16): Composer\\Autoload\\ClassLoader->loadClass('App\\\\Services\\\\El...')\n#2 \/var\/www\/html\/scripts\/process-day.php(22): App\\Services\\PriceImporter->__construct()\n#3 {main}"}
[2026-01-15 02:05:25] [error] PHP Error: file_put_contents(/var/www/html/storage/rate_limit.json): Failed to open stream: Permission denied in /var/www/html/app/Config/RateLimiter.php:85 {"level":2,"file":"\/var\/www\/html\/app\/Config\/RateLimiter.php","line":85}
[2026-01-15 02:05:25] [error] PHP Error: file_put_contents(/var/www/html/storage/rate_limit.json): Failed to open stream: Permission denied in /var/www/html/app/Config/RateLimiter.php:85 {"level":2,"file":"\/var\/www\/html\/app\/Config\/RateLimiter.php","line":85}
[2026-01-15 02:06:44] [error] Uncaught Exception: syntax error, unexpected token "`" {"exception":"ParseError","file":"\/var\/www\/html\/app\/Services\/ElectricityApiClient.php","line":82,"trace":"#0 \/var\/www\/html\/vendor\/composer\/ClassLoader.php(427): Composer\\Autoload\\{closure}('\/var\/www\/html\/v...')\n#1 \/var\/www\/html\/app\/Services\/PriceImporter.php(16): Composer\\Autoload\\ClassLoader->loadClass('App\\\\Services\\\\El...')\n#2 \/var\/www\/html\/scripts\/process-day.php(22): App\\Services\\PriceImporter->__construct()\n#3 {main}"}
[2026-01-15 02:07:00] [error] PHP Error: file_put_contents(/var/www/html/storage/rate_limit.json): Failed to open stream: Permission denied in /var/www/html/app/Config/RateLimiter.php:85 {"level":2,"file":"\/var\/www\/html\/app\/Config\/RateLimiter.php","line":85}
[2026-01-15 02:07:00] [error] PHP Error: file_put_contents(/var/www/html/storage/rate_limit.json): Failed to open stream: Permission denied in /var/www/html/app/Config/RateLimiter.php:85 {"level":2,"file":"\/var\/www\/html\/app\/Config\/RateLimiter.php","line":85}
[2026-01-15 02:08:31] [info] Starting price import for date: 2026-01-15
[2026-01-15 02:08:31] [info] Using mock data (no API token configured)
[2026-01-15 02:08:31] [info] Successfully imported 24 prices for date: 2026-01-15
[2026-01-15 02:08:31] [info] Starting classification for date: 2026-01-15
[2026-01-15 02:08:31] [info] Successfully classified 24 hours for date: 2026-01-15
[2026-01-15 02:08:31] [info] Generating recommendations for date: 2026-01-15
[2026-01-15 02:08:31] [info] Successfully generated recommendations for 4 tasks
[2026-01-15 02:08:35] [error] PHP Error: file_put_contents(/var/www/html/storage/rate_limit.json): Failed to open stream: Permission denied in /var/www/html/app/Config/RateLimiter.php:85 {"level":2,"file":"\/var\/www\/html\/app\/Config\/RateLimiter.php","line":85}
[2026-01-15 02:08:35] [error] PHP Error: file_put_contents(/var/www/html/storage/rate_limit.json): Failed to open stream: Permission denied in /var/www/html/app/Config/RateLimiter.php:85 {"level":2,"file":"\/var\/www\/html\/app\/Config\/RateLimiter.php","line":85}
[2026-01-15 02:09:25] [error] PHP Error: file_put_contents(/var/www/html/storage/rate_limit.json): Failed to open stream: Permission denied in /var/www/html/app/Config/RateLimiter.php:85 {"level":2,"file":"\/var\/www\/html\/app\/Config\/RateLimiter.php","line":85}
[2026-01-15 02:09:29] [error] PHP Error: file_put_contents(/var/www/html/storage/rate_limit.json): Failed to open stream: Permission denied in /var/www/html/app/Config/RateLimiter.php:85 {"level":2,"file":"\/var\/www\/html\/app\/Config\/RateLimiter.php","line":85}
[2026-01-15 02:09:29] [error] PHP Error: file_put_contents(/var/www/html/storage/rate_limit.json): Failed to open stream: Permission denied in /var/www/html/app/Config/RateLimiter.php:85 {"level":2,"file":"\/var\/www\/html\/app\/Config\/RateLimiter.php","line":85}
[2026-01-15 02:09:31] [error] PHP Error: file_put_contents(/var/www/html/storage/rate_limit.json): Failed to open stream: Permission denied in /var/www/html/app/Config/RateLimiter.php:85 {"level":2,"file":"\/var\/www\/html\/app\/Config\/RateLimiter.php","line":85}
[2026-01-15 02:09:40] [error] PHP Error: file_put_contents(/var/www/html/storage/rate_limit.json): Failed to open stream: Permission denied in /var/www/html/app/Config/RateLimiter.php:85 {"level":2,"file":"\/var\/www\/html\/app\/Config\/RateLimiter.php","line":85}
[2026-01-15 02:09:40] [error] PHP Error: file_put_contents(/var/www/html/storage/rate_limit.json): Failed to open stream: Permission denied in /var/www/html/app/Config/RateLimiter.php:85 {"level":2,"file":"\/var\/www\/html\/app\/Config\/RateLimiter.php","line":85}
[2026-01-15 02:09:50] [error] PHP Error: file_put_contents(/var/www/html/storage/rate_limit.json): Failed to open stream: Permission denied in /var/www/html/app/Config/RateLimiter.php:85 {"level":2,"file":"\/var\/www\/html\/app\/Config\/RateLimiter.php","line":85}
[2026-01-15 02:09:50] [error] PHP Error: file_put_contents(/var/www/html/storage/rate_limit.json): Failed to open stream: Permission denied in /var/www/html/app/Config/RateLimiter.php:85 {"level":2,"file":"\/var\/www\/html\/app\/Config\/RateLimiter.php","line":85}
[2026-01-15 02:09:59] [error] PHP Error: file_put_contents(/var/www/html/storage/rate_limit.json): Failed to open stream: Permission denied in /var/www/html/app/Config/RateLimiter.php:85 {"level":2,"file":"\/var\/www\/html\/app\/Config\/RateLimiter.php","line":85}
[2026-01-15 02:09:59] [error] PHP Error: file_put_contents(/var/www/html/storage/rate_limit.json): Failed to open stream: Permission denied in /var/www/html/app/Config/RateLimiter.php:85 {"level":2,"file":"\/var\/www\/html\/app\/Config\/RateLimiter.php","line":85}
[2026-01-15 02:10:18] [error] PHP Error: file_put_contents(/var/www/html/storage/rate_limit.json): Failed to open stream: Permission denied in /var/www/html/app/Config/RateLimiter.php:85 {"level":2,"file":"\/var\/www\/html\/app\/Config\/RateLimiter.php","line":85}
[2026-01-15 02:10:19] [error] PHP Error: file_put_contents(/var/www/html/storage/rate_limit.json): Failed to open stream: Permission denied in /var/www/html/app/Config/RateLimiter.php:85 {"level":2,"file":"\/var\/www\/html\/app\/Config\/RateLimiter.php","line":85}
[2026-01-15 02:17:02] [info] Starting price import for date: 2026-01-16
[2026-01-15 02:17:02] [info] Using mock data (no API token configured)
[2026-01-15 02:17:02] [info] Successfully imported 24 prices for date: 2026-01-16
[2026-01-15 02:17:02] [info] Starting classification for date: 2026-01-16
[2026-01-15 02:17:02] [info] Successfully classified 24 hours for date: 2026-01-16
[2026-01-15 02:17:02] [info] Generating recommendations for date: 2026-01-16
[2026-01-15 02:17:02] [info] Successfully generated recommendations for 4 tasks
